[2014-06-02 17:48:56] START
[2014-06-02 17:56:00] EDIT HoneyBadger/controllers/default.py: -7
[2014-06-02 17:57:00] EDIT HoneyBadger/controllers/default.py: -43
[2014-06-02 17:57:09] EDIT HoneyBadger/controllers/default.py: 0
[2014-06-02 17:57:17] EDIT HoneyBadger/controllers/default.py: 0
[2014-06-02 17:57:18] EDIT HoneyBadger/controllers/default.py: 0
[2014-06-02 17:57:19] EDIT HoneyBadger/controllers/default.py: 0
[2014-06-02 17:57:19] EDIT HoneyBadger/controllers/default.py: 0
[2014-06-02 17:57:19] EDIT HoneyBadger/controllers/default.py: 0
[2014-06-02 17:57:19] EDIT HoneyBadger/controllers/default.py: 0
[2014-06-02 17:57:41] CREATE default/submit.html: 0
[2014-06-02 17:57:51] CREATE default/analyse.html: 0
[2014-06-02 18:02:50] EDIT HoneyBadger/views/default/analyse.html: 2
[2014-06-02 18:03:08] EDIT HoneyBadger/views/default/submit.html: 2
[2014-06-02 18:03:50] EDIT HoneyBadger/views/default/analyse.html: 0
[2014-06-02 18:04:13] EDIT HoneyBadger/views/default/analyse.html: 0
[2014-06-02 18:04:27] EDIT HoneyBadger/views/default/submit.html: 0
[2014-06-02 18:04:37] EDIT HoneyBadger/views/default/submit.html: 0
[2014-06-02 18:05:46] EDIT HoneyBadger/views/default/submit.html: 3
[2014-06-02 18:06:06] EDIT HoneyBadger/views/default/submit.html: 0
[2014-06-02 18:06:16] EDIT HoneyBadger/views/default/submit.html: 0
[2014-06-02 18:06:29] EDIT HoneyBadger/views/default/submit.html: -3
[2014-06-02 18:08:25] EDIT HoneyBadger/views/default/submit.html: 1
[2014-06-02 18:09:38] EDIT HoneyBadger/views/default/submit.html: -1
[2014-06-02 18:24:01] EDIT HoneyBadger/models/db.py: 3
[2014-06-02 18:25:37] EDIT HoneyBadger/models/db.py: 1
[2014-06-02 18:27:44] EDIT HoneyBadger/models/db.py: -6
[2014-06-02 18:28:06] EDIT HoneyBadger/models/db.py: 0
[2014-06-02 18:41:45] EDIT HoneyBadger/controllers/default.py: 4
[2014-06-02 18:42:04] CREATE default/wait.html: 0
[2014-06-02 18:43:22] EDIT HoneyBadger/views/default/wait.html: -1
[2014-06-02 18:44:37] EDIT HoneyBadger/models/db.py: 0
[2014-06-02 18:45:20] EDIT HoneyBadger/controllers/default.py: 1
[2014-06-02 18:45:25] EDIT HoneyBadger/controllers/default.py: 0
[2014-06-02 18:45:47] EDIT HoneyBadger/controllers/default.py: 0
[2014-06-02 18:45:49] EDIT HoneyBadger/controllers/default.py: 0
[2014-06-02 18:45:57] EDIT HoneyBadger/controllers/default.py: 0
[2014-06-02 18:46:16] EDIT HoneyBadger/controllers/default.py: 0
[2014-06-02 18:46:19] EDIT HoneyBadger/controllers/default.py: 0
[2014-06-02 18:46:31] EDIT HoneyBadger/views/default/submit.html: 0
[2014-06-02 18:47:08] EDIT HoneyBadger/controllers/default.py: 0
[2014-06-02 18:49:19] EDIT HoneyBadger/controllers/default.py: 0
[2014-06-02 18:49:28] EDIT HoneyBadger/views/default/submit.html: 0
[2014-06-02 18:56:00] EDIT HoneyBadger/controllers/default.py: 5
[2014-06-02 18:58:01] EDIT HoneyBadger/controllers/default.py: 3
[2014-06-02 18:58:03] EDIT HoneyBadger/controllers/default.py: 0
[2014-06-02 18:58:11] EDIT HoneyBadger/controllers/default.py: 0
[2014-06-02 18:58:13] EDIT HoneyBadger/controllers/default.py: 0
[2014-06-02 18:58:15] EDIT HoneyBadger/controllers/default.py: 0
[2014-06-02 18:58:30] EDIT HoneyBadger/controllers/default.py: -2
[2014-06-02 18:58:51] EDIT HoneyBadger/controllers/default.py: -1
[2014-06-02 18:59:02] EDIT HoneyBadger/controllers/default.py: -4
[2014-06-02 18:59:06] EDIT HoneyBadger/controllers/default.py: 3
[2014-06-02 18:59:08] EDIT HoneyBadger/controllers/default.py: 1
[2014-06-02 18:59:15] EDIT HoneyBadger/controllers/default.py: 0
[2014-06-02 18:59:36] EDIT HoneyBadger/controllers/default.py: 0
[2014-06-02 18:59:47] EDIT HoneyBadger/controllers/default.py: 0
[2014-06-02 18:59:52] EDIT HoneyBadger/controllers/default.py: 0
[2014-06-02 18:59:57] EDIT HoneyBadger/controllers/default.py: 0
[2014-06-02 19:00:17] EDIT HoneyBadger/controllers/default.py: 0
[2014-06-02 19:02:07] EDIT HoneyBadger/controllers/default.py: 0
[2014-06-02 19:02:24] EDIT HoneyBadger/controllers/default.py: 1
[2014-06-02 19:03:27] EDIT HoneyBadger/controllers/default.py: 0
[2014-06-02 19:04:01] EDIT HoneyBadger/controllers/default.py: 0
[2014-06-02 19:04:28] EDIT HoneyBadger/controllers/default.py: 0
[2014-06-02 19:05:29] EDIT HoneyBadger/models/db.py: -2
[2014-06-02 19:05:38] EDIT HoneyBadger/models/db.py: 0
[2014-06-02 19:09:58] EDIT HoneyBadger/controllers/default.py: 0
[2014-06-02 19:10:06] EDIT HoneyBadger/controllers/default.py: 0
[2014-06-02 19:10:25] EDIT HoneyBadger/controllers/default.py: 0
[2014-06-02 19:10:43] EDIT HoneyBadger/controllers/default.py: 0
[2014-06-02 19:11:40] EDIT HoneyBadger/controllers/default.py: 1
[2014-06-02 19:19:01] EDIT HoneyBadger/views/default/wait.html: 3
[2014-06-02 19:32:25] EDIT HoneyBadger/controllers/default.py: 2
[2014-06-02 19:32:54] EDIT HoneyBadger/controllers/default.py: -1
[2014-06-02 19:34:54] EDIT HoneyBadger/views/default/wait.html: 0
[2014-06-02 19:35:10] EDIT HoneyBadger/views/default/wait.html: 0
[2014-06-02 19:36:30] EDIT HoneyBadger/views/default/wait.html: 0
[2014-06-02 19:37:55] EDIT HoneyBadger/controllers/default.py: 0
[2014-06-02 19:38:29] EDIT HoneyBadger/controllers/default.py: 1
[2014-06-02 19:39:00] EDIT HoneyBadger/controllers/default.py: 0
[2014-06-02 19:39:21] EDIT HoneyBadger/controllers/default.py: -1
[2014-06-02 19:39:38] EDIT HoneyBadger/controllers/default.py: 1
[2014-06-02 19:39:54] EDIT HoneyBadger/controllers/default.py: -1
[2014-06-02 19:41:54] EDIT HoneyBadger/controllers/default.py: 0
[2014-06-02 19:41:58] EDIT HoneyBadger/controllers/default.py: 0
[2014-06-02 19:42:27] EDIT HoneyBadger/controllers/default.py: 1
[2014-06-02 19:42:40] EDIT HoneyBadger/controllers/default.py: 0
[2014-06-02 19:42:57] EDIT HoneyBadger/controllers/default.py: -1
[2014-06-02 19:43:10] EDIT HoneyBadger/controllers/default.py: 0
[2014-06-02 19:43:29] EDIT HoneyBadger/controllers/default.py: 1
[2014-06-02 19:43:49] EDIT HoneyBadger/controllers/default.py: -1
[2014-06-02 19:43:56] EDIT HoneyBadger/controllers/default.py: 1
[2014-06-02 19:44:18] EDIT HoneyBadger/controllers/default.py: 0
[2014-06-02 19:44:45] EDIT HoneyBadger/controllers/default.py: -1
[2014-06-02 19:46:23] EDIT HoneyBadger/views/default/wait.html: 6
[2014-06-02 20:25:35] EDIT HoneyBadger/views/default/wait.html: 1
[2014-06-02 20:26:15] EDIT HoneyBadger/views/default/wait.html: 0
[2014-06-02 20:27:35] EDIT HoneyBadger/views/default/wait.html: 2
[2014-06-02 20:28:37] EDIT HoneyBadger/views/default/wait.html: 1
[2014-06-02 20:28:58] EDIT HoneyBadger/views/default/wait.html: -1
[2014-06-02 20:29:01] EDIT HoneyBadger/views/default/wait.html: 0
[2014-06-02 20:29:08] EDIT HoneyBadger/views/default/wait.html: 0
[2014-06-02 20:42:11] EDIT HoneyBadger/controllers/default.py: 6
[2014-06-02 20:42:19] EDIT HoneyBadger/controllers/default.py: 0
[2014-06-02 20:43:00] EDIT HoneyBadger/controllers/default.py: 0
[2014-06-02 20:43:01] EDIT HoneyBadger/controllers/default.py: 0
[2014-06-02 20:44:00] EDIT HoneyBadger/controllers/default.py: 2
[2014-06-02 20:44:22] EDIT HoneyBadger/controllers/default.py: 0
[2014-06-02 20:44:50] CREATE default/poll.html: 0
[2014-06-02 20:44:55] EDIT HoneyBadger/views/default/poll.html: -2
[2014-06-02 20:45:25] EDIT HoneyBadger/views/default/poll.html: 1
[2014-06-02 20:47:48] EDIT HoneyBadger/views/default/poll.html: 9
[2014-06-02 20:49:12] EDIT HoneyBadger/views/default/poll.html: -2
[2014-06-02 20:49:14] EDIT HoneyBadger/views/default/poll.html: 0
[2014-06-02 20:49:59] EDIT HoneyBadger/views/default/poll.html: 0
[2014-06-02 20:53:56] CREATE payload_builder.py: 0
[2014-06-02 20:59:45] EDIT HoneyBadger/modules/payload_builder.py: 11
[2014-06-02 20:59:57] EDIT HoneyBadger/modules/payload_builder.py: 0
[2014-06-02 21:00:11] EDIT HoneyBadger/modules/payload_builder.py: 0
[2014-06-02 21:00:24] EDIT HoneyBadger/modules/payload_builder.py: -9
[2014-06-02 21:00:47] EDIT HoneyBadger/modules/payload_builder.py: 10
[2014-06-02 21:02:49] EDIT HoneyBadger/modules/payload_builder.py: 6
[2014-06-02 21:03:08] CREATE js/honeybadger.js: 0
[2014-06-02 21:05:55] EDIT HoneyBadger/static/js/honeybadger.js: 44
[2014-06-02 21:07:33] EDIT HoneyBadger/static/js/honeybadger.js: 1
[2014-06-02 21:08:09] EDIT HoneyBadger/static/js/honeybadger.js: 0
[2014-06-02 21:09:21] EDIT HoneyBadger/controllers/default.py: 1
[2014-06-02 21:10:31] EDIT HoneyBadger/controllers/default.py: 3
[2014-06-02 21:12:02] EDIT HoneyBadger/controllers/default.py: 0
[2014-06-02 21:12:05] EDIT HoneyBadger/controllers/default.py: 0
[2014-06-02 21:12:09] EDIT HoneyBadger/controllers/default.py: 0
[2014-06-02 21:14:55] EDIT HoneyBadger/modules/payload_builder.py: -15
[2014-06-02 21:19:11] EDIT HoneyBadger/modules/payload_builder.py: 4
[2014-06-02 21:19:21] EDIT HoneyBadger/controllers/default.py: 2
[2014-06-02 21:19:33] EDIT HoneyBadger/controllers/default.py: 0
[2014-06-02 21:22:28] EDIT HoneyBadger/controllers/default.py: 0
[2014-06-02 21:23:14] EDIT HoneyBadger/modules/payload_builder.py: 0
[2014-06-02 21:24:07] EDIT HoneyBadger/controllers/default.py: 1
[2014-06-02 21:25:24] EDIT HoneyBadger/controllers/default.py: 1
[2014-06-02 21:25:34] EDIT HoneyBadger/controllers/default.py: 0
[2014-06-02 21:26:48] EDIT HoneyBadger/static/js/honeybadger.js: 0
[2014-06-02 21:27:36] EDIT HoneyBadger/modules/payload_builder.py: 1
[2014-06-02 21:28:19] EDIT HoneyBadger/controllers/default.py: 2
[2014-06-02 21:28:23] EDIT HoneyBadger/controllers/default.py: 0
[2014-06-02 21:30:15] EDIT HoneyBadger/modules/payload_builder.py: 0
[2014-06-02 21:30:25] EDIT HoneyBadger/static/js/honeybadger.js: 1
[2014-06-02 21:30:58] EDIT HoneyBadger/static/js/honeybadger.js: -2
[2014-06-02 21:32:30] EDIT HoneyBadger/static/js/honeybadger.js: 4
[2014-06-02 21:34:57] EDIT HoneyBadger/static/js/honeybadger.js: 0
[2014-06-02 21:36:24] EDIT HoneyBadger/controllers/default.py: 1
[2014-06-02 21:36:33] EDIT HoneyBadger/controllers/default.py: 1
[2014-06-02 21:37:33] EDIT HoneyBadger/controllers/default.py: -1
[2014-06-02 21:37:38] EDIT HoneyBadger/controllers/default.py: -1
[2014-06-02 21:39:23] EDIT HoneyBadger/controllers/default.py: 0
[2014-06-02 21:40:30] EDIT HoneyBadger/controllers/default.py: 0
[2014-06-02 21:41:19] EDIT HoneyBadger/modules/payload_builder.py: 1
[2014-06-02 21:42:01] EDIT HoneyBadger/static/js/honeybadger.js: 0
[2014-06-02 21:42:39] EDIT HoneyBadger/modules/payload_builder.py: 0
[2014-06-02 21:44:32] EDIT HoneyBadger/controllers/default.py: -1
[2014-06-02 21:56:58] EDIT HoneyBadger/static/js/honeybadger.js: 0
[2014-06-02 21:58:22] EDIT HoneyBadger/models/db.py: 4
[2014-06-02 21:59:37] EDIT HoneyBadger/controllers/default.py: 11
[2014-06-02 22:00:06] EDIT HoneyBadger/models/db.py: 4
[2014-06-02 22:04:25] EDIT HoneyBadger/controllers/default.py: 2
[2014-06-02 22:05:49] EDIT HoneyBadger/views/default/wait.html: 2
[2014-06-02 22:08:10] EDIT HoneyBadger/controllers/default.py: 1
[2014-06-02 22:08:35] EDIT HoneyBadger/controllers/default.py: 0
[2014-06-02 22:10:12] EDIT HoneyBadger/views/default/wait.html: 1
[2014-06-02 22:10:26] EDIT HoneyBadger/views/default/wait.html: 0
[2014-06-02 22:10:48] EDIT HoneyBadger/views/default/wait.html: 0
[2014-06-02 22:11:21] EDIT HoneyBadger/views/default/wait.html: 0
[2014-06-02 22:13:23] EDIT HoneyBadger/views/default/wait.html: 1
[2014-06-02 22:13:50] EDIT HoneyBadger/views/default/wait.html: -1
[2014-06-02 22:14:17] EDIT HoneyBadger/controllers/default.py: 0
[2014-06-02 22:14:43] EDIT HoneyBadger/views/default/wait.html: 1
[2014-06-02 22:15:14] EDIT HoneyBadger/views/default/wait.html: -1
[2014-06-02 22:15:31] CREATE default/result.html: 0
[2014-06-02 22:15:48] EDIT HoneyBadger/views/default/wait.html: 0
[2014-06-02 22:18:20] EDIT HoneyBadger/controllers/default.py: 0
[2014-06-02 22:18:40] EDIT HoneyBadger/controllers/default.py: 0
[2014-06-02 22:20:00] EDIT HoneyBadger/views/default/result.html: 0
[2014-06-02 22:25:58] EDIT HoneyBadger/controllers/default.py: 6
[2014-06-02 22:28:23] EDIT HoneyBadger/views/default/result.html: 7
[2014-06-02 22:29:22] EDIT HoneyBadger/views/default/result.html: 27
[2014-06-02 22:30:35] EDIT HoneyBadger/controllers/default.py: 0
[2014-06-02 22:31:28] EDIT HoneyBadger/views/default/result.html: 0
[2014-06-02 22:32:35] EDIT HoneyBadger/views/default/result.html: 4
[2014-06-02 22:32:43] EDIT HoneyBadger/views/default/result.html: 0
[2014-06-02 22:33:37] EDIT HoneyBadger/controllers/default.py: 0
[2014-06-02 23:03:53] EDIT HoneyBadger/views/layout.html: 0
[2014-06-03 19:23:13] EDIT HoneyBadger/models/db.py: -4
[2014-06-03 19:27:13] EDIT HoneyBadger/static/js/honeybadger.js: -2
[2014-06-03 19:29:16] EDIT HoneyBadger/static/js/honeybadger.js: -7
[2014-06-03 19:32:52] EDIT HoneyBadger/controllers/default.py: -1
[2014-06-03 19:44:14] EDIT HoneyBadger/static/js/honeybadger.js: 1
[2014-06-03 19:44:48] EDIT HoneyBadger/static/js/honeybadger.js: 0
[2014-06-03 19:44:51] EDIT HoneyBadger/static/js/honeybadger.js: 0
[2014-06-03 19:45:16] EDIT HoneyBadger/static/js/honeybadger.js: -1
[2014-06-03 19:46:11] EDIT HoneyBadger/static/js/honeybadger.js: 1
[2014-06-03 19:47:18] EDIT HoneyBadger/static/js/honeybadger.js: -1
[2014-06-03 19:47:35] EDIT HoneyBadger/static/js/honeybadger.js: 1
[2014-06-03 20:26:15] EDIT HoneyBadger/controllers/default.py: 5
[2014-06-03 20:30:07] EDIT HoneyBadger/views/default/result.html: -10
[2014-06-03 20:30:14] EDIT HoneyBadger/views/default/result.html: 0
[2014-06-03 20:30:37] EDIT HoneyBadger/controllers/default.py: 0
[2014-06-03 20:31:34] EDIT HoneyBadger/views/default/result.html: 0
[2014-06-03 20:32:27] EDIT HoneyBadger/views/default/result.html: 2
[2014-06-03 20:32:56] EDIT HoneyBadger/views/default/result.html: 0
[2014-06-03 20:34:46] EDIT HoneyBadger/views/default/result.html: 6
[2014-06-03 20:39:02] EDIT HoneyBadger/views/default/result.html: 1
[2014-06-03 20:59:30] EDIT HoneyBadger/controllers/default.py: 0
[2014-06-03 21:00:18] EDIT HoneyBadger/static/js/honeybadger.js: -1
[2014-06-03 21:07:36] EDIT HoneyBadger/static/js/honeybadger.js: 1
[2014-06-03 21:08:47] EDIT HoneyBadger/static/js/honeybadger.js: 0
[2014-06-03 21:10:03] EDIT HoneyBadger/views/default/result.html: 0
[2014-06-03 21:10:21] EDIT HoneyBadger/views/default/result.html: 0
[2014-06-03 21:13:24] CREATE js/util.js: 0
[2014-06-03 21:19:20] EDIT HoneyBadger/static/js/util.js: 5
[2014-06-03 21:20:15] EDIT HoneyBadger/views/default/result.html: 1
[2014-06-03 21:25:11] EDIT HoneyBadger/views/default/result.html: 0
[2014-06-03 21:28:05] EDIT HoneyBadger/views/default/result.html: 0
[2014-06-03 21:30:37] EDIT HoneyBadger/views/default/result.html: 0
[2014-06-03 21:32:26] EDIT HoneyBadger/static/js/util.js: 0
[2014-06-03 21:33:26] EDIT HoneyBadger/static/js/util.js: 0
[2014-06-03 21:34:07] EDIT HoneyBadger/views/default/result.html: 0
[2014-06-03 21:34:28] EDIT HoneyBadger/views/default/result.html: 0
[2014-06-03 21:35:26] EDIT HoneyBadger/views/default/result.html: 0
[2014-06-03 21:35:41] EDIT HoneyBadger/views/default/result.html: 0
[2014-06-03 21:37:21] EDIT HoneyBadger/views/default/result.html: 0
[2014-06-03 21:38:26] EDIT HoneyBadger/views/default/result.html: 0
[2014-06-03 21:47:10] EDIT HoneyBadger/static/js/util.js: 0
[2014-06-03 21:48:12] EDIT HoneyBadger/static/js/util.js: 0
[2014-06-03 21:48:50] EDIT HoneyBadger/static/js/util.js: 0
[2014-06-03 21:49:44] EDIT HoneyBadger/static/js/util.js: 0
[2014-06-03 21:51:04] EDIT HoneyBadger/static/js/util.js: 0
[2014-06-03 21:51:40] EDIT HoneyBadger/static/js/util.js: 0
[2014-06-03 21:53:44] EDIT HoneyBadger/views/default/result.html: 0
[2014-06-03 21:55:54] EDIT HoneyBadger/views/default/result.html: 0
[2014-06-03 21:56:52] EDIT HoneyBadger/views/default/result.html: -4
[2014-06-03 21:57:02] EDIT HoneyBadger/views/default/result.html: 0
[2014-06-03 21:57:29] EDIT HoneyBadger/views/default/result.html: 0
[2014-06-03 21:57:39] EDIT HoneyBadger/views/default/result.html: 0
[2014-06-03 22:00:43] EDIT HoneyBadger/views/default/result.html: 1
[2014-06-03 22:02:20] EDIT HoneyBadger/controllers/default.py: 1
[2014-06-03 22:08:32] EDIT HoneyBadger/models/db.py: 1
[2014-06-03 22:11:23] EDIT HoneyBadger/controllers/default.py: 1
[2014-06-03 22:11:37] EDIT HoneyBadger/controllers/default.py: 0
[2014-06-03 22:11:47] EDIT HoneyBadger/controllers/default.py: 0
[2014-06-03 22:13:26] EDIT HoneyBadger/modules/payload_builder.py: 1
[2014-06-03 22:14:29] EDIT HoneyBadger/views/default/submit.html: 1
[2014-06-03 22:14:59] EDIT HoneyBadger/views/default/submit.html: 0
[2014-06-03 22:15:28] EDIT HoneyBadger/views/default/submit.html: 0
[2014-06-03 22:15:39] EDIT HoneyBadger/views/default/submit.html: 0
[2014-06-03 22:15:42] EDIT HoneyBadger/views/default/submit.html: 0
[2014-06-03 22:16:09] EDIT HoneyBadger/views/default/submit.html: 0
[2014-06-03 22:17:28] EDIT HoneyBadger/views/default/submit.html: 0
[2014-06-03 22:17:32] EDIT HoneyBadger/views/default/submit.html: 0
[2014-06-03 22:18:52] EDIT HoneyBadger/controllers/default.py: 1
[2014-06-03 22:19:15] EDIT HoneyBadger/controllers/default.py: 0
[2014-06-03 22:19:22] EDIT HoneyBadger/controllers/default.py: 0
[2014-06-03 22:22:30] EDIT HoneyBadger/controllers/default.py: 0
[2014-06-03 22:23:41] EDIT HoneyBadger/modules/payload_builder.py: 0
[2014-06-03 22:24:18] EDIT HoneyBadger/modules/payload_builder.py: 1
[2014-06-03 22:25:11] EDIT HoneyBadger/modules/payload_builder.py: 1
[2014-06-03 22:26:28] EDIT HoneyBadger/modules/payload_builder.py: -2
[2014-06-03 22:27:16] EDIT HoneyBadger/static/js/honeybadger.js: 3
[2014-06-03 22:27:24] EDIT HoneyBadger/static/js/honeybadger.js: 0
[2014-06-03 22:50:16] EDIT HoneyBadger/models/db.py: 1
[2014-06-03 22:50:17] EDIT HoneyBadger/models/db.py: 0
[2014-06-03 22:51:34] EDIT HoneyBadger/controllers/default.py: 0
[2014-06-03 22:51:55] EDIT HoneyBadger/controllers/default.py: 5
[2014-06-03 22:52:23] EDIT HoneyBadger/views/default/submit.html: 1
[2014-06-03 22:56:12] EDIT HoneyBadger/views/default/submit.html: 0
[2014-06-03 22:56:25] EDIT HoneyBadger/views/default/submit.html: 0
[2014-06-03 22:56:46] EDIT HoneyBadger/views/default/submit.html: 0
[2014-06-03 23:00:06] EDIT HoneyBadger/controllers/default.py: 3
[2014-06-03 23:00:22] CREATE default/history.html: 0
[2014-06-03 23:02:28] EDIT HoneyBadger/views/default/history.html: 3
[2014-06-03 23:03:03] EDIT HoneyBadger/controllers/default.py: 0
[2014-06-03 23:03:41] EDIT HoneyBadger/views/default/history.html: 0
[2014-06-03 23:04:49] EDIT HoneyBadger/views/default/history.html: 0
[2014-06-03 23:06:34] EDIT HoneyBadger/views/default/history.html: 3
[2014-06-03 23:08:03] EDIT HoneyBadger/views/default/submit.html: 3
[2014-06-03 23:08:29] EDIT HoneyBadger/views/default/submit.html: 0
[2014-06-03 23:10:05] EDIT HoneyBadger/views/default/result.html: 6
[2014-06-03 23:10:30] EDIT HoneyBadger/views/default/result.html: -1
[2014-06-03 23:12:12] EDIT HoneyBadger/views/default/result.html: 2
[2014-06-03 23:12:29] EDIT HoneyBadger/views/default/result.html: 0
[2014-06-03 23:18:00] EDIT HoneyBadger/models/menu.py: 1
[2014-06-03 23:18:07] EDIT HoneyBadger/models/menu.py: 0
[2014-06-03 23:19:11] EDIT HoneyBadger/models/menu.py: 0
[2014-06-03 23:19:22] EDIT HoneyBadger/models/menu.py: 0
[2014-06-03 23:19:33] EDIT HoneyBadger/models/menu.py: 0
[2014-06-03 23:20:17] EDIT HoneyBadger/models/menu.py: 0
[2014-06-03 23:21:46] EDIT HoneyBadger/models/menu.py: 0
[2014-06-03 23:21:53] EDIT HoneyBadger/models/menu.py: -1
[2014-06-03 23:23:06] EDIT HoneyBadger/views/default/submit.html: 1
[2014-06-03 23:23:27] EDIT HoneyBadger/views/default/submit.html: -1
[2014-06-03 23:25:21] EDIT HoneyBadger/models/menu.py: 1
[2014-06-03 23:25:48] EDIT HoneyBadger/models/menu.py: 1
[2014-06-04 20:13:07] EDIT HoneyBadger/modules/payload_builder.py: 1
[2014-06-04 20:14:28] EDIT HoneyBadger/modules/payload_builder.py: 0
[2014-06-04 20:14:44] EDIT HoneyBadger/modules/payload_builder.py: 0
[2014-06-04 20:15:09] EDIT HoneyBadger/modules/payload_builder.py: 0
[2014-06-04 20:15:21] EDIT HoneyBadger/modules/payload_builder.py: 0
[2014-06-04 20:16:40] EDIT HoneyBadger/modules/payload_builder.py: 0
[2014-06-04 20:18:23] EDIT HoneyBadger/modules/payload_builder.py: 0
[2014-06-04 20:26:02] EDIT HoneyBadger/views/default/submit.html: 6
[2014-06-04 20:27:34] EDIT HoneyBadger/views/default/submit.html: 0
[2014-06-04 20:27:44] EDIT HoneyBadger/views/default/submit.html: 0
[2014-06-04 20:28:16] EDIT HoneyBadger/views/default/submit.html: 0
[2014-06-04 20:28:31] EDIT HoneyBadger/views/default/submit.html: 0
[2014-06-04 20:28:39] EDIT HoneyBadger/views/default/submit.html: 0
[2014-06-04 20:29:28] EDIT HoneyBadger/views/default/submit.html: -1
[2014-06-04 20:30:14] EDIT HoneyBadger/views/default/submit.html: 0
[2014-06-04 20:32:19] EDIT HoneyBadger/views/default/submit.html: 1
[2014-06-04 20:32:33] EDIT HoneyBadger/views/default/submit.html: 0
[2014-06-04 20:32:52] EDIT HoneyBadger/views/default/submit.html: 0
[2014-06-04 20:33:11] EDIT HoneyBadger/views/default/submit.html: 0
[2014-06-04 20:37:27] EDIT HoneyBadger/static/js/util.js: 0
[2014-06-04 20:38:27] EDIT HoneyBadger/static/js/util.js: 1
[2014-06-04 20:38:39] EDIT HoneyBadger/static/js/util.js: 0
[2014-06-04 20:38:47] EDIT HoneyBadger/static/js/util.js: -1
[2014-06-04 20:40:38] EDIT HoneyBadger/views/default/result.html: -1
[2014-06-04 20:41:23] EDIT HoneyBadger/views/layout.html: 1
[2014-06-04 20:41:45] EDIT HoneyBadger/views/layout.html: 0
[2014-06-04 20:42:03] EDIT HoneyBadger/views/layout.html: 0
[2014-06-04 20:42:19] EDIT HoneyBadger/views/layout.html: 0
[2014-06-04 20:42:58] EDIT HoneyBadger/static/js/util.js: 1
[2014-06-04 20:43:30] EDIT HoneyBadger/views/layout.html: 0
[2014-06-04 20:43:42] EDIT HoneyBadger/views/layout.html: 0
[2014-06-04 20:49:50] EDIT HoneyBadger/static/js/util.js: -1
[2014-06-04 20:50:19] EDIT HoneyBadger/static/js/util.js: 5
[2014-06-04 20:50:41] EDIT HoneyBadger/static/js/util.js: 1
[2014-06-04 20:51:04] EDIT HoneyBadger/views/default/submit.html: 0
[2014-06-04 20:51:26] EDIT HoneyBadger/views/default/submit.html: 0
[2014-06-04 20:51:46] EDIT HoneyBadger/static/js/util.js: 0
[2014-06-04 20:53:18] EDIT HoneyBadger/static/css/web2py.css: 7
[2014-06-04 21:55:38] EDIT HoneyBadger/modules/payload_builder.py: 7
[2014-06-04 21:59:35] EDIT HoneyBadger/models/db.py: 1
[2014-06-04 22:04:20] EDIT HoneyBadger/controllers/default.py: 5
[2014-06-04 22:04:30] EDIT HoneyBadger/controllers/default.py: 0
[2014-06-04 22:05:26] EDIT HoneyBadger/controllers/default.py: 0
[2014-06-04 22:06:13] EDIT HoneyBadger/models/db.py: 0
[2014-06-04 22:07:07] EDIT HoneyBadger/controllers/default.py: 0
[2014-06-04 22:08:08] EDIT HoneyBadger/controllers/default.py: 0
[2014-06-04 22:09:15] EDIT HoneyBadger/modules/payload_builder.py: 0
[2014-06-04 22:10:29] EDIT HoneyBadger/modules/payload_builder.py: 2
[2014-06-04 22:11:47] EDIT HoneyBadger/modules/payload_builder.py: 0
[2014-06-04 22:19:01] EDIT HoneyBadger/views/default/submit.html: 6
[2014-06-04 22:19:10] EDIT HoneyBadger/views/default/submit.html: 0
[2014-06-04 22:21:16] EDIT HoneyBadger/views/default/submit.html: 6
[2014-06-04 22:22:22] EDIT HoneyBadger/views/default/submit.html: 0
[2014-06-04 22:24:23] EDIT HoneyBadger/views/default/submit.html: 1
[2014-06-04 22:25:44] EDIT HoneyBadger/views/default/submit.html: 0
[2014-06-04 22:26:09] EDIT HoneyBadger/views/default/submit.html: 2
[2014-06-04 22:26:49] EDIT HoneyBadger/views/default/submit.html: -1
[2014-06-04 22:27:24] EDIT HoneyBadger/views/default/submit.html: 0
[2014-06-04 22:28:35] EDIT HoneyBadger/views/default/submit.html: -9
[2014-06-04 22:30:31] EDIT HoneyBadger/models/db.py: 1
[2014-06-04 22:30:34] EDIT HoneyBadger/models/db.py: 0
[2014-06-04 22:31:05] EDIT HoneyBadger/controllers/default.py: 2
[2014-06-04 22:35:02] EDIT HoneyBadger/controllers/default.py: 4
[2014-06-04 22:35:56] EDIT HoneyBadger/controllers/default.py: 0
[2014-06-04 22:39:05] EDIT HoneyBadger/modules/payload_builder.py: 6
[2014-06-04 22:39:36] EDIT HoneyBadger/modules/payload_builder.py: -3
[2014-06-04 22:43:53] EDIT HoneyBadger/controllers/default.py: -2
[2014-06-04 22:44:03] EDIT HoneyBadger/controllers/default.py: 0
[2014-06-04 22:44:46] EDIT HoneyBadger/controllers/default.py: 0
[2014-06-04 22:48:13] EDIT HoneyBadger/static/js/util.js: 5
[2014-06-04 22:48:57] EDIT HoneyBadger/static/css/web2py.css: 3
[2014-06-04 22:52:40] EDIT HoneyBadger/views/default/result.html: 0
[2014-06-04 22:53:43] EDIT HoneyBadger/views/default/result.html: 0
[2014-06-04 22:56:30] EDIT HoneyBadger/controllers/default.py: 4
[2014-06-04 22:56:43] EDIT HoneyBadger/controllers/default.py: 0
[2014-06-04 22:57:24] EDIT HoneyBadger/views/default/result.html: 10
[2014-06-04 22:57:41] EDIT HoneyBadger/views/default/result.html: 0
[2014-06-04 23:00:50] EDIT HoneyBadger/modules/payload_builder.py: 0
[2014-06-04 23:02:15] EDIT HoneyBadger/modules/payload_builder.py: 0
[2014-06-04 23:04:28] EDIT HoneyBadger/models/menu.py: 1
[2014-06-04 23:04:49] EDIT HoneyBadger/controllers/default.py: 2
[2014-06-04 23:06:42] EDIT HoneyBadger/controllers/default.py: 3
[2014-06-04 23:06:58] CREATE default/about.html: 0
[2014-06-04 23:10:34] EDIT HoneyBadger/views/default/about.html: 16
[2014-06-04 23:10:57] EDIT HoneyBadger/views/default/about.html: 0
[2014-06-04 23:11:13] EDIT HoneyBadger/views/default/about.html: -1
[2014-06-04 23:11:34] EDIT HoneyBadger/views/default/about.html: 0
[2014-06-04 23:11:54] EDIT HoneyBadger/views/default/about.html: 0
[2014-06-04 23:13:47] CREATE license.txt: 0
[2014-06-04 23:13:50] EDIT HoneyBadger/static/license.txt: 553
[2014-06-04 23:20:22] EDIT HoneyBadger/views/default/result.html: 0
[2014-06-04 23:20:54] EDIT HoneyBadger/views/default/result.html: 0
[2014-06-04 23:21:29] EDIT HoneyBadger/views/default/result.html: 0
[2014-06-04 23:21:44] EDIT HoneyBadger/views/default/result.html: 0
[2014-06-04 23:25:42] EDIT HoneyBadger/views/default/result.html: -3
[2014-06-04 23:26:49] EDIT HoneyBadger/views/default/result.html: 0
[2014-06-04 23:26:59] EDIT HoneyBadger/views/default/result.html: 0
[2014-06-17 17:17:27] EDIT Honeybadger/modules/payload_builder.py: 1
[2014-06-20 13:20:26] CREATE css/animate.min.css: 0
[2014-06-20 13:21:09] EDIT Honeybadger/static/css/animate.min.css: 5
[2014-06-20 13:33:51] EDIT Honeybadger/views/layout.html: 1
[2014-06-20 13:34:54] EDIT Honeybadger/views/default/result.html: 0
[2014-06-20 13:35:12] EDIT Honeybadger/views/default/result.html: 0
[2014-06-20 13:35:54] EDIT Honeybadger/views/default/result.html: 0
[2014-06-20 13:35:58] EDIT Honeybadger/views/default/result.html: 0
[2014-06-20 13:36:51] EDIT Honeybadger/views/default/result.html: 0
[2014-06-20 13:40:32] EDIT Honeybadger/static/js/util.js: 0
[2014-06-20 13:41:08] EDIT Honeybadger/static/js/util.js: 1
[2014-06-20 13:41:22] EDIT Honeybadger/static/js/util.js: 0
[2014-06-20 13:41:25] EDIT Honeybadger/static/js/util.js: -1
[2014-06-20 13:42:03] EDIT Honeybadger/static/js/util.js: 0
[2014-06-20 13:42:51] EDIT Honeybadger/static/js/util.js: 0
[2014-06-20 13:43:28] EDIT Honeybadger/static/js/util.js: 1
[2014-06-20 13:44:17] EDIT Honeybadger/static/js/util.js: 0
[2014-06-20 13:47:23] EDIT Honeybadger/static/js/util.js: 1
[2014-06-20 13:48:38] EDIT Honeybadger/static/js/util.js: 1
[2014-06-20 13:50:53] EDIT Honeybadger/static/js/util.js: 0
[2014-06-20 13:51:15] EDIT Honeybadger/static/js/util.js: 0
[2014-06-20 13:54:08] EDIT Honeybadger/static/js/util.js: 0
[2014-06-20 13:57:23] EDIT Honeybadger/static/js/util.js: 10
[2014-06-20 13:57:57] EDIT Honeybadger/static/js/util.js: 0
[2014-06-20 14:00:05] EDIT Honeybadger/static/js/util.js: 0
[2014-06-20 14:02:50] EDIT Honeybadger/static/js/util.js: 2
[2014-06-20 14:03:44] EDIT Honeybadger/static/js/util.js: 3
[2014-06-20 14:04:50] EDIT Honeybadger/static/js/util.js: -3
[2014-06-20 14:05:01] EDIT Honeybadger/static/js/util.js: 0
[2014-06-20 14:05:17] EDIT Honeybadger/static/js/util.js: 0
[2014-06-20 14:05:27] EDIT Honeybadger/static/js/util.js: 0
[2014-06-23 12:16:31] CREATE honeybadger/pluginspoofer.js: 0
[2014-06-23 13:22:27] EDIT Honeybadger/controllers/default.py: 5
[2014-06-23 13:23:39] EDIT Honeybadger/models/db.py: 5
[2014-06-23 13:23:54] EDIT Honeybadger/models/db.py: 0
[2014-06-23 13:24:04] EDIT Honeybadger/models/db.py: 1
[2014-06-23 13:42:58] EDIT Honeybadger/controllers/default.py: 0
[2014-06-23 14:02:01] EDIT Honeybadger/controllers/default.py: 1
[2014-06-23 14:02:16] EDIT Honeybadger/controllers/default.py: 0
[2014-06-23 14:04:27] EDIT Honeybadger/controllers/default.py: 2
[2014-06-23 14:13:39] EDIT Honeybadger/views/default/submit.html: 2
[2014-06-23 14:19:03] EDIT Honeybadger/controllers/default.py: 2
[2014-06-23 14:19:38] EDIT Honeybadger/controllers/default.py: 1
[2014-06-23 14:21:46] EDIT Honeybadger/controllers/default.py: 0
[2014-06-23 14:23:04] EDIT Honeybadger/controllers/default.py: 0
[2014-06-23 14:23:34] EDIT Honeybadger/controllers/default.py: 0
[2014-06-23 14:24:15] EDIT Honeybadger/views/honeybadger/pluginspoofer.js: 43
[2014-06-23 14:25:25] CREATE pluginspoofer.js: 0
[2014-06-23 14:25:28] EDIT Honeybadger/static/pluginspoofer.js: 43
[2014-06-23 14:25:54] DELETE Honeybadger/views/honeybadger/pluginspoofer.js: -43
[2014-06-23 14:32:34] EDIT Honeybadger/controllers/default.py: 2
[2014-06-23 14:32:46] EDIT Honeybadger/modules/payload_builder.py: 0
[2014-06-23 14:34:00] EDIT Honeybadger/modules/payload_builder.py: 1
[2014-06-23 14:35:53] EDIT Honeybadger/controllers/default.py: 2
[2014-06-23 14:40:09] EDIT Honeybadger/controllers/default.py: 1
[2014-06-23 14:40:55] EDIT Honeybadger/controllers/default.py: 0
[2014-06-23 14:41:20] EDIT Honeybadger/static/pluginspoofer.js: -3
[2014-06-23 14:42:46] EDIT Honeybadger/models/db.py: 0
[2014-06-23 14:45:34] EDIT Honeybadger/controllers/default.py: 1
[2014-06-23 14:47:27] EDIT Honeybadger/controllers/default.py: 0
[2014-06-23 14:48:09] EDIT Honeybadger/modules/payload_builder.py: 0
[2014-06-23 14:49:14] EDIT Honeybadger/controllers/default.py: 0
[2014-06-23 14:50:24] EDIT Honeybadger/modules/payload_builder.py: 0
[2014-06-23 14:52:23] EDIT Honeybadger/static/pluginspoofer.js: 2
[2014-06-23 14:57:15] EDIT Honeybadger/static/pluginspoofer.js: 1
[2014-06-23 14:58:36] EDIT Honeybadger/static/pluginspoofer.js: 0
[2014-06-23 14:58:47] EDIT Honeybadger/static/pluginspoofer.js: 1
[2014-06-23 14:58:49] EDIT Honeybadger/static/pluginspoofer.js: 0
[2014-06-23 14:59:12] EDIT Honeybadger/static/pluginspoofer.js: 0
[2014-06-23 15:00:21] EDIT Honeybadger/static/pluginspoofer.js: 0
[2014-06-23 15:00:57] EDIT Honeybadger/static/pluginspoofer.js: -1
[2014-06-23 15:01:28] EDIT Honeybadger/static/pluginspoofer.js: 1
[2014-06-23 15:02:55] EDIT Honeybadger/static/pluginspoofer.js: 1
[2014-06-23 15:05:01] EDIT Honeybadger/static/pluginspoofer.js: 1
[2014-06-23 15:05:23] EDIT Honeybadger/static/pluginspoofer.js: 0
[2014-06-23 15:06:45] EDIT Honeybadger/static/pluginspoofer.js: 0
[2014-06-23 15:07:08] EDIT Honeybadger/static/pluginspoofer.js: 1
[2014-06-23 15:07:49] EDIT Honeybadger/static/pluginspoofer.js: -1
[2014-06-23 15:09:07] EDIT Honeybadger/static/pluginspoofer.js: 0
[2014-06-23 15:10:35] EDIT Honeybadger/static/pluginspoofer.js: -1
[2014-06-23 15:12:12] EDIT Honeybadger/static/pluginspoofer.js: -3
[2014-06-24 10:07:19] EDIT Honeybadger/views/default/result.html: 10
[2014-06-24 10:20:59] EDIT Honeybadger/modules/payload_builder.py: -1
[2014-06-24 10:27:54] EDIT Honeybadger/static/js/honeybadger.js: 4
[2014-06-24 10:28:00] EDIT Honeybadger/static/js/honeybadger.js: 0
[2014-06-24 10:28:30] EDIT Honeybadger/static/js/honeybadger.js: 0
[2014-06-24 10:31:03] EDIT Honeybadger/static/js/honeybadger.js: 0
[2014-06-24 10:31:56] EDIT Honeybadger/static/js/honeybadger.js: 0
[2014-06-24 10:32:02] EDIT Honeybadger/static/js/honeybadger.js: 0
[2014-06-24 10:32:46] EDIT Honeybadger/controllers/default.py: 0
[2014-06-24 10:33:05] EDIT Honeybadger/controllers/default.py: 0
[2014-06-24 10:33:22] EDIT Honeybadger/controllers/default.py: 0
[2014-06-24 13:56:52] EDIT Honeybadger/models/db.py: 8
[2014-06-24 13:57:00] EDIT Honeybadger/models/db.py: 0
[2014-06-24 13:58:01] EDIT Honeybadger/models/db.py: 0
[2014-06-24 14:01:24] EDIT Honeybadger/views/default/poll.html: 2
[2014-06-24 14:02:17] EDIT Honeybadger/models/db.py: 1
[2014-06-24 14:04:15] EDIT Honeybadger/views/default/poll.html: 4
[2014-06-24 14:05:23] EDIT Honeybadger/views/default/poll.html: 0
[2014-06-24 14:06:23] EDIT Honeybadger/views/default/poll.html: 1
[2014-06-24 14:10:42] EDIT Honeybadger/views/default/poll.html: 2
[2014-06-24 14:11:10] EDIT Honeybadger/views/default/poll.html: 0
[2014-06-24 14:12:54] EDIT Honeybadger/views/default/poll.html: 4
[2014-06-24 14:13:40] EDIT Honeybadger/views/default/poll.html: 0
[2014-06-24 14:13:42] EDIT Honeybadger/views/default/poll.html: 0
[2014-06-24 14:13:42] EDIT Honeybadger/views/default/poll.html: 0
[2014-06-24 14:13:42] EDIT Honeybadger/views/default/poll.html: 0
[2014-06-24 14:13:43] EDIT Honeybadger/views/default/poll.html: 0
[2014-06-24 14:13:43] EDIT Honeybadger/views/default/poll.html: 0
[2014-06-24 14:13:43] EDIT Honeybadger/views/default/poll.html: 0
[2014-06-24 14:13:43] EDIT Honeybadger/views/default/poll.html: 0
[2014-06-24 14:13:43] EDIT Honeybadger/views/default/poll.html: 0
[2014-06-24 14:13:43] EDIT Honeybadger/views/default/poll.html: 0
[2014-06-24 14:13:43] EDIT Honeybadger/views/default/poll.html: 0
[2014-06-24 14:13:43] EDIT Honeybadger/views/default/poll.html: 0
[2014-06-24 14:13:43] EDIT Honeybadger/views/default/poll.html: 0
[2014-06-24 14:13:43] EDIT Honeybadger/views/default/poll.html: 0
[2014-06-24 14:13:43] EDIT Honeybadger/views/default/poll.html: 0
[2014-06-24 14:13:43] EDIT Honeybadger/views/default/poll.html: 0
[2014-06-24 14:13:43] EDIT Honeybadger/views/default/poll.html: 0
[2014-06-24 14:13:43] EDIT Honeybadger/views/default/poll.html: 0
[2014-06-24 14:13:43] EDIT Honeybadger/views/default/poll.html: 0
[2014-06-24 14:13:43] EDIT Honeybadger/views/default/poll.html: 0
[2014-06-24 14:13:43] EDIT Honeybadger/views/default/poll.html: 0
[2014-06-24 14:14:15] EDIT Honeybadger/views/default/poll.html: 0
[2014-06-24 14:14:55] CREATE js/plugindetect.js: 0
[2014-06-24 14:15:15] EDIT Honeybadger/static/js/plugindetect.js: 7
[2014-06-24 14:16:07] EDIT Honeybadger/views/default/poll.html: 0
[2014-06-24 14:55:37] EDIT Honeybadger/models/db.py: -3
[2014-06-24 15:02:48] EDIT Honeybadger/models/db.py: 0
[2014-06-24 15:03:00] EDIT Honeybadger/models/db.py: 0
[2014-06-24 15:04:45] EDIT Honeybadger/controllers/default.py: 16
[2014-06-24 15:04:53] EDIT Honeybadger/controllers/default.py: 0
[2014-06-24 15:06:54] EDIT Honeybadger/controllers/default.py: 0
[2014-06-24 15:07:19] EDIT Honeybadger/models/db.py: 0
[2014-06-24 15:08:36] EDIT Honeybadger/models/db.py: 0
[2014-06-24 15:09:40] EDIT Honeybadger/models/db.py: 0
[2014-06-24 15:09:41] EDIT Honeybadger/models/db.py: 0
[2014-06-24 15:16:05] EDIT Honeybadger/models/db.py: 0
[2014-06-24 15:16:48] EDIT Honeybadger/models/db.py: 0
[2014-06-24 15:17:00] EDIT Honeybadger/models/db.py: 0
[2014-06-24 15:17:37] EDIT Honeybadger/controllers/default.py: 1
[2014-06-24 15:18:16] EDIT Honeybadger/controllers/default.py: 1
[2014-06-24 15:21:06] EDIT Honeybadger/controllers/default.py: -1
[2014-06-24 15:21:19] EDIT Honeybadger/views/default/poll.html: 0
[2014-06-24 15:22:53] EDIT Honeybadger/views/default/poll.html: 0
[2014-06-24 15:24:32] EDIT Honeybadger/views/default/poll.html: 6
[2014-06-24 15:25:22] EDIT Honeybadger/controllers/default.py: -1
[2014-06-24 15:25:27] EDIT Honeybadger/controllers/default.py: 1
[2014-06-24 15:26:17] EDIT Honeybadger/controllers/default.py: -1
[2014-06-24 15:27:13] EDIT Honeybadger/controllers/default.py: 0
[2014-06-24 15:27:34] EDIT Honeybadger/controllers/default.py: 1
[2014-06-24 15:29:13] EDIT Honeybadger/controllers/default.py: 1
[2014-06-24 15:55:33] EDIT Honeybadger/controllers/default.py: 0
[2014-06-24 15:56:23] EDIT Honeybadger/controllers/default.py: 0
[2014-06-24 16:09:07] EDIT Honeybadger/controllers/default.py: 0
[2014-06-24 16:13:19] EDIT Honeybadger/controllers/default.py: 1
[2014-06-24 16:14:12] EDIT Honeybadger/views/default/submit.html: 1
[2014-06-24 16:14:31] EDIT Honeybadger/views/default/submit.html: 0
[2014-06-24 16:15:41] EDIT Honeybadger/views/default/submit.html: 8
[2014-06-24 16:16:54] EDIT Honeybadger/controllers/default.py: 0
[2014-06-24 16:17:28] EDIT Honeybadger/views/default/submit.html: 1
[2014-06-24 16:18:27] EDIT Honeybadger/views/default/submit.html: 0
[2014-06-24 16:18:45] EDIT Honeybadger/views/default/submit.html: -1
[2014-06-24 16:18:57] EDIT Honeybadger/views/default/submit.html: 1
[2014-06-24 16:29:43] EDIT Honeybadger/static/js/util.js: 7
[2014-06-24 16:30:05] EDIT Honeybadger/static/js/util.js: 2
[2014-06-24 16:37:13] EDIT Honeybadger/views/default/submit.html: 10
[2014-06-24 16:37:53] EDIT Honeybadger/views/default/submit.html: 1
[2014-06-24 16:39:31] EDIT Honeybadger/views/default/submit.html: 3
[2014-06-24 16:40:48] EDIT Honeybadger/views/default/submit.html: 7
[2014-06-24 16:42:12] EDIT Honeybadger/views/default/submit.html: -2
[2014-06-24 16:42:29] EDIT Honeybadger/views/default/submit.html: 0
[2014-06-24 16:42:45] EDIT Honeybadger/views/default/submit.html: -1
[2014-06-24 16:44:50] EDIT Honeybadger/views/default/submit.html: 0
[2014-06-24 16:46:22] EDIT Honeybadger/views/default/submit.html: 0
[2014-06-24 16:47:58] EDIT Honeybadger/views/default/submit.html: 0
[2014-06-24 16:48:08] EDIT Honeybadger/views/default/submit.html: 0
[2014-06-24 16:50:37] EDIT Honeybadger/views/default/submit.html: 0
[2014-06-24 16:51:26] EDIT Honeybadger/static/css/web2py.css: 6
[2014-06-24 16:52:25] EDIT Honeybadger/static/css/web2py.css: 0
[2014-06-24 16:52:33] EDIT Honeybadger/static/css/web2py.css: 0
[2014-06-24 16:53:28] EDIT Honeybadger/static/css/web2py.css: 3
[2014-06-24 16:53:31] EDIT Honeybadger/static/css/web2py.css: 0
[2014-06-24 16:53:51] EDIT Honeybadger/views/default/submit.html: 0
[2014-06-24 16:54:08] EDIT Honeybadger/views/default/submit.html: 0
[2014-06-24 16:54:12] EDIT Honeybadger/views/default/submit.html: 0
[2014-06-24 16:54:33] EDIT Honeybadger/views/default/submit.html: 0
[2014-06-24 16:54:54] EDIT Honeybadger/views/default/submit.html: 0
[2014-06-24 16:55:18] EDIT Honeybadger/views/default/submit.html: 1
[2014-06-24 16:56:18] EDIT Honeybadger/views/default/submit.html: 0
[2014-06-24 16:56:59] EDIT Honeybadger/static/css/web2py.css: 3
[2014-06-24 16:57:19] EDIT Honeybadger/static/css/web2py.css: 0
[2014-06-24 16:57:25] EDIT Honeybadger/static/css/web2py.css: 0
[2014-06-24 16:57:45] EDIT Honeybadger/views/default/submit.html: 0
[2014-06-24 16:57:56] EDIT Honeybadger/views/default/submit.html: 0
[2014-06-24 16:58:32] EDIT Honeybadger/static/css/web2py.css: 0
[2014-06-24 16:58:46] EDIT Honeybadger/static/css/web2py.css: -3
[2014-06-24 16:59:04] EDIT Honeybadger/views/default/submit.html: 0
[2014-06-24 16:59:09] EDIT Honeybadger/views/default/submit.html: 0
[2014-06-24 17:01:44] EDIT Honeybadger/static/css/web2py.css: 0
[2014-06-24 17:01:57] EDIT Honeybadger/static/css/web2py.css: 0
[2014-06-24 17:02:01] EDIT Honeybadger/static/css/web2py.css: 0
[2014-06-24 17:02:10] EDIT Honeybadger/static/css/web2py.css: 1
[2014-06-24 17:04:22] EDIT Honeybadger/static/css/web2py.css: 0
[2014-06-24 17:04:29] EDIT Honeybadger/static/css/web2py.css: 0
[2014-06-24 17:08:27] EDIT Honeybadger/static/css/web2py.css: -1
[2014-06-24 17:08:40] EDIT Honeybadger/views/default/submit.html: 0
[2014-06-24 17:08:48] EDIT Honeybadger/static/css/web2py.css: 1
[2014-06-24 17:09:55] EDIT Honeybadger/static/css/web2py.css: -3
[2014-06-24 17:10:20] EDIT Honeybadger/static/css/web2py.css: 3
[2014-06-24 17:10:38] EDIT Honeybadger/static/css/web2py.css: 0
[2014-06-24 17:11:02] EDIT Honeybadger/static/css/web2py.css: 2
[2014-06-24 17:12:22] EDIT Honeybadger/static/css/web2py.css: 0
[2014-06-24 17:13:01] EDIT Honeybadger/static/css/web2py.css: 0
[2014-06-25 09:28:23] EDIT Honeybadger/views/default/poll.html: 0
[2014-06-25 09:28:59] EDIT Honeybadger/controllers/default.py: -4
[2014-06-25 09:30:28] EDIT Honeybadger/controllers/default.py: -1
[2014-06-25 10:15:20] EDIT Honeybadger/controllers/default.py: 1
[2014-06-25 10:16:12] EDIT Honeybadger/controllers/default.py: 1
[2014-06-25 10:16:39] EDIT Honeybadger/controllers/default.py: 0
[2014-06-25 10:17:07] EDIT Honeybadger/controllers/default.py: 0
[2014-06-25 10:18:47] EDIT Honeybadger/controllers/default.py: 0
[2014-06-25 10:19:06] EDIT Honeybadger/controllers/default.py: 0
[2014-06-25 10:22:30] EDIT Honeybadger/modules/payload_builder.py: -2
[2014-06-25 10:23:34] EDIT Honeybadger/controllers/default.py: -9
[2014-06-25 10:25:19] EDIT Honeybadger/controllers/default.py: -1
[2014-06-25 10:25:26] EDIT Honeybadger/controllers/default.py: -1
[2014-06-25 10:28:01] EDIT Honeybadger/views/default/poll.html: 1
[2014-06-25 10:28:25] EDIT Honeybadger/views/default/poll.html: -1
[2014-06-25 10:35:23] EDIT Honeybadger/controllers/default.py: 1
[2014-06-25 10:36:05] EDIT Honeybadger/controllers/default.py: 0
[2014-06-25 10:36:26] EDIT Honeybadger/controllers/default.py: 0
[2014-06-25 10:36:31] EDIT Honeybadger/controllers/default.py: -1
[2014-06-25 10:36:38] EDIT Honeybadger/controllers/default.py: 1
[2014-06-25 10:36:41] EDIT Honeybadger/controllers/default.py: 0
[2014-06-25 10:43:32] EDIT Honeybadger/controllers/default.py: 0
[2014-06-25 10:45:26] EDIT Honeybadger/controllers/default.py: 0
[2014-06-25 10:49:46] EDIT Honeybadger/controllers/default.py: -1
[2014-06-25 10:58:47] EDIT Honeybadger/views/default/submit.html: 2
[2014-06-25 10:59:10] EDIT Honeybadger/views/default/submit.html: 4
[2014-06-25 10:59:29] EDIT Honeybadger/views/default/submit.html: 0
[2014-06-25 10:59:57] EDIT Honeybadger/views/default/submit.html: 0
[2014-06-25 11:00:16] EDIT Honeybadger/views/default/submit.html: 0
[2014-06-25 11:00:39] EDIT Honeybadger/views/default/submit.html: 0
[2014-06-25 11:01:30] EDIT Honeybadger/views/default/submit.html: 0
[2014-06-25 11:01:53] EDIT Honeybadger/views/default/submit.html: 0
[2014-06-25 11:02:45] EDIT Honeybadger/views/default/submit.html: 0
[2014-06-25 11:04:14] EDIT Honeybadger/views/default/submit.html: 0
[2014-06-25 11:04:44] EDIT Honeybadger/controllers/default.py: 0
[2014-06-25 11:04:49] EDIT Honeybadger/controllers/default.py: 1
[2014-06-25 11:05:02] CREATE util.py: 0
[2014-06-25 11:14:47] EDIT Honeybadger/modules/util.py: 19
[2014-06-25 11:14:49] EDIT Honeybadger/modules/util.py: 0
[2014-06-25 11:14:56] EDIT Honeybadger/modules/util.py: 0
[2014-06-25 11:15:22] EDIT Honeybadger/modules/util.py: 0
[2014-06-25 11:15:46] EDIT Honeybadger/modules/util.py: 0
[2014-06-25 11:15:53] EDIT Honeybadger/modules/util.py: 0
[2014-06-25 11:18:56] EDIT Honeybadger/modules/util.py: 16
[2014-06-25 11:19:28] EDIT Honeybadger/controllers/default.py: -1
[2014-06-25 11:21:52] EDIT Honeybadger/views/default/submit.html: 1
[2014-06-25 11:23:16] EDIT Honeybadger/views/default/submit.html: 0
[2014-06-25 11:28:05] EDIT Honeybadger/views/default/submit.html: 0
[2014-06-25 11:55:39] EDIT Honeybadger/views/default/submit.html: 0
[2014-06-25 12:06:39] EDIT Honeybadger/views/default/submit.html: 0
[2014-06-25 12:08:49] EDIT Honeybadger/views/default/submit.html: 0
[2014-06-25 12:11:32] EDIT Honeybadger/static/js/util.js: -9
[2014-06-25 12:13:00] EDIT Honeybadger/views/default/submit.html: -3
[2014-06-26 12:35:30] EDIT Honeybadger/views/default/wait.html: 2
[2014-06-26 12:36:00] EDIT Honeybadger/views/default/wait.html: 1
[2014-06-26 12:36:34] EDIT Honeybadger/views/default/wait.html: 0
[2014-06-26 13:51:05] EDIT Honeybadger/views/default/wait.html: 0
[2014-06-26 13:52:17] EDIT Honeybadger/static/css/web2py.css: 3
[2014-06-26 13:52:35] EDIT Honeybadger/static/css/web2py.css: 1
[2014-06-26 13:53:12] EDIT Honeybadger/static/css/web2py.css: 3
[2014-06-26 13:53:29] EDIT Honeybadger/static/css/web2py.css: 1
[2014-06-26 13:53:41] EDIT Honeybadger/static/css/web2py.css: 0
[2014-06-26 13:53:53] EDIT Honeybadger/static/css/web2py.css: -1
[2014-06-26 13:54:03] EDIT Honeybadger/static/css/web2py.css: 1
[2014-06-26 13:54:21] EDIT Honeybadger/static/css/web2py.css: 1
[2014-06-26 13:54:36] EDIT Honeybadger/static/css/web2py.css: 0
[2014-06-26 13:54:44] EDIT Honeybadger/static/css/web2py.css: -1
[2014-06-26 13:55:02] EDIT Honeybadger/views/default/wait.html: 0
[2014-06-26 13:55:11] EDIT Honeybadger/static/css/web2py.css: 0
[2014-06-26 13:55:19] EDIT Honeybadger/static/css/web2py.css: 0
[2014-06-26 13:55:45] EDIT Honeybadger/views/default/wait.html: 0
[2014-06-26 13:55:51] EDIT Honeybadger/views/default/wait.html: 0
[2014-06-26 13:56:10] EDIT Honeybadger/static/css/web2py.css: 0
[2014-06-26 13:56:21] EDIT Honeybadger/static/css/web2py.css: -1
[2014-06-26 13:56:41] EDIT Honeybadger/static/css/web2py.css: 1
[2014-06-26 13:57:44] EDIT Honeybadger/static/css/web2py.css: 1
[2014-06-26 13:58:02] EDIT Honeybadger/static/css/web2py.css: 0
[2014-06-26 13:58:19] EDIT Honeybadger/static/css/web2py.css: 1
[2014-06-26 13:58:29] EDIT Honeybadger/static/css/web2py.css: -1
[2014-06-26 13:58:39] EDIT Honeybadger/static/css/web2py.css: 1
[2014-06-26 13:58:58] EDIT Honeybadger/static/css/web2py.css: 0
[2014-06-26 13:59:06] EDIT Honeybadger/static/css/web2py.css: 0
[2014-06-26 13:59:12] EDIT Honeybadger/static/css/web2py.css: 0
[2014-06-26 13:59:35] EDIT Honeybadger/static/css/web2py.css: 1
[2014-06-26 13:59:52] EDIT Honeybadger/static/css/web2py.css: 1
[2014-06-26 14:00:07] EDIT Honeybadger/static/css/web2py.css: 1
[2014-06-26 14:00:55] EDIT Honeybadger/static/css/web2py.css: 4
[2014-06-26 14:01:05] EDIT Honeybadger/static/css/web2py.css: 1
[2014-06-26 14:01:19] EDIT Honeybadger/static/css/web2py.css: 0
[2014-06-26 14:01:42] EDIT Honeybadger/static/css/web2py.css: 1
[2014-06-26 14:02:00] EDIT Honeybadger/static/css/web2py.css: 0
[2014-06-26 14:02:13] EDIT Honeybadger/static/css/web2py.css: 0
[2014-06-26 14:02:21] EDIT Honeybadger/static/css/web2py.css: 0
[2014-06-26 14:02:40] EDIT Honeybadger/static/css/web2py.css: -1
[2014-06-26 14:03:01] EDIT Honeybadger/static/css/web2py.css: 0
[2014-06-26 14:03:23] EDIT Honeybadger/static/css/web2py.css: 1
[2014-06-26 14:03:33] EDIT Honeybadger/static/css/web2py.css: 0
[2014-06-26 14:57:27] EDIT Honeybadger/static/js/honeybadger.js: 5
[2014-06-26 14:59:08] EDIT Honeybadger/static/js/honeybadger.js: 1
[2014-06-26 15:00:00] EDIT Honeybadger/static/js/honeybadger.js: 0
[2014-06-26 15:01:28] EDIT Honeybadger/static/js/honeybadger.js: 5
[2014-06-26 15:02:34] EDIT Honeybadger/static/js/honeybadger.js: 1
[2014-06-26 15:04:29] EDIT Honeybadger/static/js/honeybadger.js: 0
[2014-06-26 15:05:00] EDIT Honeybadger/modules/payload_builder.py: 1
[2014-06-26 15:07:35] EDIT Honeybadger/modules/payload_builder.py: 0
[2014-06-26 15:12:16] EDIT Honeybadger/static/js/honeybadger.js: -59
[2014-06-26 15:13:10] EDIT Honeybadger/modules/payload_builder.py: 0
[2014-06-26 15:13:28] EDIT Honeybadger/modules/payload_builder.py: -1
[2014-06-26 15:13:32] EDIT Honeybadger/static/js/honeybadger.js: 59
[2014-06-26 15:13:35] EDIT Honeybadger/static/js/honeybadger.js: 0
[2014-06-26 15:14:02] EDIT Honeybadger/static/js/honeybadger.js: 0
[2014-06-26 15:14:49] EDIT Honeybadger/static/js/honeybadger.js: -5
[2014-06-26 15:15:42] EDIT Honeybadger/static/js/honeybadger.js: -1
[2014-06-26 15:16:12] EDIT Honeybadger/static/js/honeybadger.js: 0
[2014-06-26 15:18:51] EDIT Honeybadger/static/js/honeybadger.js: 2
[2014-06-26 15:27:06] EDIT Honeybadger/controllers/default.py: 2
[2014-06-26 15:28:31] EDIT Honeybadger/controllers/default.py: 1
[2014-06-26 15:30:35] EDIT Honeybadger/controllers/default.py: 0
[2014-06-26 15:30:42] EDIT Honeybadger/controllers/default.py: 0
[2014-06-26 15:30:50] EDIT Honeybadger/controllers/default.py: 0
[2014-06-26 15:30:58] EDIT Honeybadger/modules/payload_builder.py: 0
[2014-06-26 15:31:08] EDIT Honeybadger/modules/payload_builder.py: 0
[2014-06-26 15:31:15] EDIT Honeybadger/modules/payload_builder.py: 0
[2014-06-26 15:32:15] EDIT Honeybadger/controllers/default.py: 0
[2014-06-26 15:32:24] EDIT Honeybadger/modules/payload_builder.py: 0
[2014-06-26 15:32:55] EDIT Honeybadger/static/js/honeybadger.js: -3
[2014-06-26 15:35:28] EDIT Honeybadger/static/js/honeybadger.js: 1
[2014-06-26 15:37:08] EDIT Honeybadger/static/js/honeybadger.js: 2
[2014-06-26 15:38:51] EDIT Honeybadger/static/js/honeybadger.js: 0
[2014-06-26 15:39:51] EDIT Honeybadger/static/js/honeybadger.js: 0
[2014-06-26 15:39:54] EDIT Honeybadger/static/js/honeybadger.js: -1
[2014-06-26 15:40:08] EDIT Honeybadger/static/js/honeybadger.js: 2
[2014-06-26 15:57:10] EDIT Honeybadger/static/js/honeybadger.js: -2
[2014-06-26 15:57:45] EDIT Honeybadger/static/js/honeybadger.js: 0
[2014-06-27 09:43:13] EDIT Honeybadger/modules/util.py: 0
[2014-06-27 09:52:36] EDIT Honeybadger/static/js/honeybadger.js: 0
[2014-06-27 09:57:28] EDIT Honeybadger/modules/util.py: 2
[2014-06-27 15:20:48] EDIT Honeybadger/views/default/submit.html: 0
[2014-06-27 15:20:50] EDIT Honeybadger/views/default/submit.html: 0
[2014-06-27 15:21:01] EDIT Honeybadger/views/default/submit.html: 0
[2014-06-27 15:21:46] EDIT Honeybadger/static/css/web2py.css: 0
[2014-06-27 15:22:14] EDIT Honeybadger/views/default/submit.html: 0
[2014-06-27 15:23:28] EDIT Honeybadger/static/css/web2py.css: 0
[2014-06-27 15:24:43] EDIT Honeybadger/static/css/web2py.css: 0
[2014-06-27 15:24:57] EDIT Honeybadger/views/default/submit.html: 0
[2014-06-27 15:26:01] EDIT Honeybadger/views/default/submit.html: 2
[2014-06-27 15:26:53] EDIT Honeybadger/views/default/submit.html: -2
[2014-06-27 15:27:21] EDIT Honeybadger/views/default/submit.html: 0
[2014-06-27 15:27:34] EDIT Honeybadger/views/default/submit.html: 0
[2014-06-27 15:27:53] EDIT Honeybadger/views/default/submit.html: -2
[2014-06-27 15:30:34] EDIT Honeybadger/static/css/web2py.css: 0
[2014-06-27 15:31:18] EDIT Honeybadger/static/css/web2py.css: 0
[2014-06-27 15:32:06] EDIT Honeybadger/static/css/web2py.css: 0
[2014-06-27 15:32:24] EDIT Honeybadger/static/css/web2py.css: 0
[2014-06-27 15:33:18] EDIT Honeybadger/static/css/web2py.css: 0
[2014-06-27 15:34:18] EDIT Honeybadger/static/css/web2py.css: 0
[2014-06-27 15:35:06] EDIT Honeybadger/static/css/web2py.css: 0
[2014-06-27 15:50:40] EDIT Honeybadger/views/default/submit.html: 0
[2014-06-27 15:53:30] EDIT Honeybadger/views/default/history.html: 12
[2014-06-27 15:53:37] EDIT Honeybadger/views/default/history.html: -3
[2014-06-27 15:53:57] EDIT Honeybadger/views/default/history.html: 0
[2014-06-27 15:55:23] EDIT Honeybadger/static/css/web2py.css: 0
[2014-06-27 15:55:35] EDIT Honeybadger/views/default/submit.html: 0
[2014-06-27 15:55:48] EDIT Honeybadger/views/default/submit.html: 0
[2014-06-27 15:56:26] EDIT Honeybadger/views/default/history.html: 2
[2014-06-27 16:01:17] EDIT Honeybadger/static/css/web2py.css: 20
[2014-06-27 16:01:37] EDIT Honeybadger/static/css/web2py.css: 0
[2014-06-27 16:01:56] EDIT Honeybadger/static/css/web2py.css: 0
[2014-06-27 16:02:28] EDIT Honeybadger/static/css/web2py.css: 0
[2014-06-27 16:02:37] EDIT Honeybadger/static/css/web2py.css: -2
[2014-06-27 16:04:24] EDIT Honeybadger/static/css/web2py.css: 1
[2014-06-27 16:04:39] EDIT Honeybadger/static/css/web2py.css: 0
[2014-06-27 16:05:01] EDIT Honeybadger/static/css/web2py.css: 0
[2014-06-27 16:05:07] EDIT Honeybadger/static/css/web2py.css: 0
[2014-06-27 16:05:15] EDIT Honeybadger/static/css/web2py.css: 0
[2014-06-27 16:05:33] EDIT Honeybadger/static/css/web2py.css: 0
[2014-06-27 16:06:01] EDIT Honeybadger/static/css/web2py.css: 1
[2014-06-27 16:06:09] EDIT Honeybadger/static/css/web2py.css: 0
[2014-06-27 16:06:56] EDIT Honeybadger/static/css/web2py.css: 1
[2014-06-27 16:07:10] EDIT Honeybadger/static/css/web2py.css: 0
[2014-06-27 16:07:23] EDIT Honeybadger/static/css/web2py.css: 0
[2014-06-27 16:07:27] EDIT Honeybadger/static/css/web2py.css: -1
[2014-06-27 16:08:50] EDIT Honeybadger/static/css/web2py.css: 0
[2014-06-27 16:09:12] EDIT Honeybadger/static/css/web2py.css: 0
[2014-06-27 16:09:15] EDIT Honeybadger/static/css/web2py.css: 0
[2014-06-27 16:09:26] EDIT Honeybadger/static/css/web2py.css: 0
[2014-06-27 16:09:35] EDIT Honeybadger/static/css/web2py.css: 0
[2014-06-27 16:09:51] EDIT Honeybadger/static/css/web2py.css: 0
[2014-06-27 16:09:58] EDIT Honeybadger/static/css/web2py.css: 0
[2014-06-27 16:10:12] EDIT Honeybadger/static/css/web2py.css: 0
[2014-06-27 16:10:26] EDIT Honeybadger/static/css/web2py.css: 4
[2014-06-27 16:11:03] EDIT Honeybadger/static/css/web2py.css: 0
[2014-06-27 16:12:53] EDIT Honeybadger/static/css/web2py.css: 0
[2014-06-27 16:13:56] EDIT Honeybadger/static/css/web2py.css: -3
[2014-06-27 16:14:09] EDIT Honeybadger/static/css/web2py.css: 0
[2014-06-27 16:14:19] EDIT Honeybadger/static/css/web2py.css: 0
[2014-06-27 16:15:09] EDIT Honeybadger/static/css/web2py.css: 2
[2014-06-27 16:15:24] EDIT Honeybadger/static/css/web2py.css: 1
[2014-06-27 16:15:37] EDIT Honeybadger/static/css/web2py.css: 0
[2014-06-27 16:15:54] EDIT Honeybadger/static/css/web2py.css: 0
[2014-06-27 16:16:12] EDIT Honeybadger/static/css/web2py.css: 0
[2014-06-27 16:16:25] EDIT Honeybadger/static/css/web2py.css: 0
[2014-06-27 16:16:29] EDIT Honeybadger/static/css/web2py.css: 0
[2014-06-27 16:16:39] EDIT Honeybadger/static/css/web2py.css: 0
[2014-06-27 16:17:40] EDIT Honeybadger/static/css/web2py.css: 1
[2014-06-27 16:19:13] EDIT Honeybadger/views/default/history.html: 2
[2014-06-27 16:20:16] EDIT Honeybadger/views/default/history.html: 0
[2014-06-27 16:21:29] EDIT Honeybadger/views/default/history.html: -2
[2014-06-27 16:22:07] EDIT Honeybadger/views/default/history.html: 0
[2014-06-27 16:22:50] EDIT Honeybadger/views/default/history.html: 1
[2014-06-27 16:22:53] EDIT Honeybadger/views/default/history.html: 0
[2014-06-27 16:23:06] EDIT Honeybadger/views/default/history.html: 0
[2014-06-27 16:23:25] EDIT Honeybadger/views/default/history.html: 1
[2014-06-27 16:23:43] EDIT Honeybadger/views/default/history.html: 0
[2014-06-27 16:24:19] EDIT Honeybadger/views/default/history.html: 0
[2014-06-27 16:24:35] EDIT Honeybadger/views/default/history.html: 0
[2014-06-27 16:24:43] EDIT Honeybadger/views/default/history.html: 0
[2014-06-27 16:25:14] EDIT Honeybadger/views/default/history.html: 0
[2014-06-27 16:25:37] EDIT Honeybadger/views/default/history.html: 0
[2014-06-27 16:28:07] EDIT Honeybadger/views/default/history.html: 0
[2014-06-27 16:30:50] EDIT Honeybadger/controllers/default.py: 0
[2014-06-27 16:31:29] EDIT Honeybadger/controllers/default.py: 0
[2014-06-27 16:32:02] EDIT Honeybadger/views/default/history.html: 0
[2014-06-27 16:33:48] EDIT Honeybadger/controllers/default.py: 0
[2014-06-27 16:33:55] EDIT Honeybadger/controllers/default.py: 0
[2014-06-27 16:34:12] EDIT Honeybadger/controllers/default.py: 1
[2014-06-27 16:34:15] EDIT Honeybadger/controllers/default.py: 0
[2014-06-27 16:34:36] EDIT Honeybadger/controllers/default.py: 0
[2014-06-27 16:34:51] EDIT Honeybadger/controllers/default.py: 0
[2014-06-27 16:35:08] EDIT Honeybadger/controllers/default.py: 0
[2014-06-27 16:35:48] EDIT Honeybadger/controllers/default.py: 0
[2014-06-27 16:37:10] EDIT Honeybadger/controllers/default.py: -1
[2014-06-27 16:37:29] EDIT Honeybadger/controllers/default.py: 0
[2014-06-27 16:37:42] EDIT Honeybadger/controllers/default.py: 0
[2014-06-27 16:38:23] EDIT Honeybadger/controllers/default.py: 0
[2014-06-27 16:39:05] EDIT Honeybadger/controllers/default.py: 0
[2014-06-27 16:39:21] EDIT Honeybadger/controllers/default.py: 0
[2014-06-27 16:39:49] EDIT Honeybadger/controllers/default.py: 0
[2014-06-27 16:39:51] EDIT Honeybadger/controllers/default.py: 0
[2014-06-27 16:40:15] EDIT Honeybadger/controllers/default.py: 0
[2014-06-27 16:44:11] EDIT Honeybadger/controllers/default.py: 0
[2014-06-27 16:44:34] EDIT Honeybadger/views/default/history.html: 0
[2014-06-27 16:49:26] EDIT Honeybadger/controllers/default.py: 0
[2014-06-27 16:49:37] EDIT Honeybadger/controllers/default.py: 0
[2014-06-27 16:50:16] EDIT Honeybadger/controllers/default.py: 0
[2014-06-27 16:51:25] EDIT Honeybadger/views/default/history.html: 0
[2014-06-27 16:52:05] EDIT Honeybadger/views/default/history.html: 0
[2014-06-27 16:52:52] EDIT Honeybadger/controllers/default.py: 0
[2014-06-27 16:53:56] EDIT Honeybadger/views/default/history.html: 1
[2014-06-27 16:57:08] EDIT Honeybadger/views/default/history.html: 3
[2014-06-27 16:57:16] EDIT Honeybadger/views/default/history.html: 0
[2014-06-27 16:57:57] EDIT Honeybadger/views/default/history.html: 0
[2014-06-27 17:01:30] EDIT Honeybadger/views/default/history.html: 1
[2014-06-27 17:02:13] EDIT Honeybadger/views/default/history.html: 1
[2014-06-27 17:02:44] EDIT Honeybadger/views/default/history.html: 0
[2014-06-27 17:09:07] EDIT Honeybadger/views/default/history.html: 0
[2014-06-27 17:09:39] EDIT Honeybadger/views/default/history.html: 0
[2014-06-27 17:10:00] EDIT Honeybadger/views/default/history.html: 0
[2014-06-27 17:10:05] EDIT Honeybadger/views/default/history.html: 0
[2014-06-27 17:10:23] EDIT Honeybadger/views/default/history.html: 0
[2014-06-27 17:10:38] EDIT Honeybadger/views/default/history.html: 0
[2014-06-27 17:10:58] EDIT Honeybadger/views/default/history.html: 0
[2014-06-27 17:22:52] EDIT Honeybadger/views/default/history.html: 0
[2014-07-07 12:48:06] EDIT Honeybadger/static/js/util.js: 0
[2014-07-07 13:50:18] EDIT Honeybadger/controllers/default.py: 0
